<?xml version="1.0" encoding="UTF-8"?>
<!-- Generated by org.testng.reporters.JUnitXMLReporter -->
<testsuite hostname="dell15z" name="Default test" tests="4" failures="0" timestamp="2 Jun 2016 00:27:37 GMT" time="64.003" errors="0">
  <testcase name="jobCreationTest" time="9.794" classname="com.rymarchik.tests.JobTests"/>
  <testcase name="jobTurnOnTurnOffTest" time="14.207" classname="com.rymarchik.tests.JobTests"/>
  <testcase name="jobEditionTest" time="16.607" classname="com.rymarchik.tests.JobTests"/>
  <testcase name="jobRemovalTest" time="22.761" classname="com.rymarchik.tests.JobTests"/>
</testsuite> <!-- Default test -->
