<?xml version="1.0" encoding="UTF-8"?>
<!-- Generated by org.testng.reporters.JUnitXMLReporter -->
<testsuite hostname="dell15z" name="Default test" tests="4" failures="0" timestamp="2 Jun 2016 00:39:58 GMT" time="63.22" errors="0">
  <testcase name="jobCreationTest" time="9.438" classname="com.rymarchik.tests.JobTests"/>
  <testcase name="jobTurnOnTurnOffTest" time="14.186" classname="com.rymarchik.tests.JobTests"/>
  <testcase name="jobEditionTest" time="16.459" classname="com.rymarchik.tests.JobTests"/>
  <testcase name="jobRemovalTest" time="22.575" classname="com.rymarchik.tests.JobTests"/>
</testsuite> <!-- Default test -->
