<?xml version="1.0" encoding="UTF-8"?>
<!-- Generated by org.testng.reporters.JUnitXMLReporter -->
<testsuite hostname="dell15z" name="test" tests="13" failures="0" timestamp="2 Jun 2016 00:31:46 GMT" time="179.709" errors="0">
  <testcase name="assemblyCreationTest" time="3.942" classname="com.rymarchik.tests.AssemblyTests"/>
  <testcase name="assemblyEditionTest" time="15.337" classname="com.rymarchik.tests.AssemblyTests"/>
  <testcase name="assemblyRemovalTest" time="14.424" classname="com.rymarchik.tests.AssemblyTests"/>
  <testcase name="domainCreationTest" time="17.902" classname="com.rymarchik.tests.DomainTests"/>
  <testcase name="addCredentialsTest" time="14.965" classname="com.rymarchik.tests.DomainTests"/>
  <testcase name="domainEditionTest" time="14.771" classname="com.rymarchik.tests.DomainTests"/>
  <testcase name="domainRemovalTest" time="14.693" classname="com.rymarchik.tests.DomainTests"/>
  <testcase name="jobCreationTest" time="17.962" classname="com.rymarchik.tests.JobTests"/>
  <testcase name="jobEditionTest" time="16.11" classname="com.rymarchik.tests.JobTests"/>
  <testcase name="jobTurnOnTurnOffTest" time="14.064" classname="com.rymarchik.tests.JobTests"/>
  <testcase name="jobRemovalTest" time="23.111" classname="com.rymarchik.tests.JobTests"/>
  <testcase name="loginLogoutTest" time="4.484" classname="com.rymarchik.tests.LoginLogoutTest"/>
  <testcase name="editUserInfoTest" time="6.831" classname="com.rymarchik.tests.UserTest"/>
</testsuite> <!-- test -->
